2023-02-09 10:14:41 notice: Undefined property: UsersController::$Authentication in /var/www/html/ck_product2/src/Controller/AppController.php on line 60
Request URL: /users/signin
Client IP: 127.0.0.1
Trace:
Cake\Controller\Controller::__get() /var/www/html/ck_product2/vendor/cakephp/cakephp/src/Controller/Controller.php, line 337
App\Controller\AppController::beforeFilter() /var/www/html/ck_product2/src/Controller/AppController.php, line 60
App\Controller\UsersController::beforeFilter() /var/www/html/ck_product2/src/Controller/UsersController.php, line 81
Cake\Event\EventManager::_callListener() /var/www/html/ck_product2/vendor/cakephp/cakephp/src/Event/EventManager.php, line 309
Cake\Event\EventManager::dispatch() /var/www/html/ck_product2/vendor/cakephp/cakephp/src/Event/EventManager.php, line 286
Cake\Controller\Controller::dispatchEvent() /var/www/html/ck_product2/vendor/cakephp/cakephp/src/Event/EventDispatcherTrait.php, line 92
Cake\Controller\Controller::startupProcess() /var/www/html/ck_product2/vendor/cakephp/cakephp/src/Controller/Controller.php, line 644
Cake\Controller\ControllerFactory::handle() /var/www/html/ck_product2/vendor/cakephp/cakephp/src/Controller/ControllerFactory.php, line 129
Cake\Controller\ControllerFactory::invoke() /var/www/html/ck_product2/vendor/cakephp/cakephp/src/Controller/ControllerFactory.php, line 114
Cake\Http\BaseApplication::handle() /var/www/html/ck_product2/vendor/cakephp/cakephp/src/Http/BaseApplication.php, line 320
Cake\Http\Runner::handle() /var/www/html/ck_product2/vendor/cakephp/cakephp/src/Http/Runner.php, line 77
Cake\Http\Middleware\CsrfProtectionMiddleware::process() /var/www/html/ck_product2/vendor/cakephp/cakephp/src/Http/Middleware/CsrfProtectionMiddleware.php, line 174
Cake\Http\Runner::handle() /var/www/html/ck_product2/vendor/cakephp/cakephp/src/Http/Runner.php, line 73
Authentication\Middleware\AuthenticationMiddleware::process() /var/www/html/ck_product2/vendor/cakephp/authentication/src/Middleware/AuthenticationMiddleware.php, line 124
Cake\Http\Runner::handle() /var/www/html/ck_product2/vendor/cakephp/cakephp/src/Http/Runner.php, line 73
Cake\Http\Middleware\BodyParserMiddleware::process() /var/www/html/ck_product2/vendor/cakephp/cakephp/src/Http/Middleware/BodyParserMiddleware.php, line 157
Cake\Http\Runner::handle() /var/www/html/ck_product2/vendor/cakephp/cakephp/src/Http/Runner.php, line 73
Cake\Routing\Middleware\RoutingMiddleware::process() /var/www/html/ck_product2/vendor/cakephp/cakephp/src/Routing/Middleware/RoutingMiddleware.php, line 186
Cake\Http\Runner::handle() /var/www/html/ck_product2/vendor/cakephp/cakephp/src/Http/Runner.php, line 73
Cake\Routing\Middleware\AssetMiddleware::process() /var/www/html/ck_product2/vendor/cakephp/cakephp/src/Routing/Middleware/AssetMiddleware.php, line 68
Cake\Http\Runner::handle() /var/www/html/ck_product2/vendor/cakephp/cakephp/src/Http/Runner.php, line 73
Cake\Error\Middleware\ErrorHandlerMiddleware::process() /var/www/html/ck_product2/vendor/cakephp/cakephp/src/Error/Middleware/ErrorHandlerMiddleware.php, line 131
Cake\Http\Runner::handle() /var/www/html/ck_product2/vendor/cakephp/cakephp/src/Http/Runner.php, line 73
DebugKit\Middleware\DebugKitMiddleware::process() /var/www/html/ck_product2/vendor/cakephp/debug_kit/src/Middleware/DebugKitMiddleware.php, line 60
Cake\Http\Runner::handle() /var/www/html/ck_product2/vendor/cakephp/cakephp/src/Http/Runner.php, line 73
Cake\Http\Runner::run() /var/www/html/ck_product2/vendor/cakephp/cakephp/src/Http/Runner.php, line 58
Cake\Http\Server::run() /var/www/html/ck_product2/vendor/cakephp/cakephp/src/Http/Server.php, line 90
[main] /var/www/html/ck_product2/webroot/index.php, line 40

2023-02-09 10:15:13 notice: Undefined property: UsersController::$Authentication in /var/www/html/ck_product2/src/Controller/AppController.php on line 60
Request URL: /users/signin
Client IP: 127.0.0.1
Trace:
Cake\Controller\Controller::__get() /var/www/html/ck_product2/vendor/cakephp/cakephp/src/Controller/Controller.php, line 337
App\Controller\AppController::beforeFilter() /var/www/html/ck_product2/src/Controller/AppController.php, line 60
App\Controller\UsersController::beforeFilter() /var/www/html/ck_product2/src/Controller/UsersController.php, line 81
Cake\Event\EventManager::_callListener() /var/www/html/ck_product2/vendor/cakephp/cakephp/src/Event/EventManager.php, line 309
Cake\Event\EventManager::dispatch() /var/www/html/ck_product2/vendor/cakephp/cakephp/src/Event/EventManager.php, line 286
Cake\Controller\Controller::dispatchEvent() /var/www/html/ck_product2/vendor/cakephp/cakephp/src/Event/EventDispatcherTrait.php, line 92
Cake\Controller\Controller::startupProcess() /var/www/html/ck_product2/vendor/cakephp/cakephp/src/Controller/Controller.php, line 644
Cake\Controller\ControllerFactory::handle() /var/www/html/ck_product2/vendor/cakephp/cakephp/src/Controller/ControllerFactory.php, line 129
Cake\Controller\ControllerFactory::invoke() /var/www/html/ck_product2/vendor/cakephp/cakephp/src/Controller/ControllerFactory.php, line 114
Cake\Http\BaseApplication::handle() /var/www/html/ck_product2/vendor/cakephp/cakephp/src/Http/BaseApplication.php, line 320
Cake\Http\Runner::handle() /var/www/html/ck_product2/vendor/cakephp/cakephp/src/Http/Runner.php, line 77
Cake\Http\Middleware\CsrfProtectionMiddleware::process() /var/www/html/ck_product2/vendor/cakephp/cakephp/src/Http/Middleware/CsrfProtectionMiddleware.php, line 174
Cake\Http\Runner::handle() /var/www/html/ck_product2/vendor/cakephp/cakephp/src/Http/Runner.php, line 73
Authentication\Middleware\AuthenticationMiddleware::process() /var/www/html/ck_product2/vendor/cakephp/authentication/src/Middleware/AuthenticationMiddleware.php, line 124
Cake\Http\Runner::handle() /var/www/html/ck_product2/vendor/cakephp/cakephp/src/Http/Runner.php, line 73
Cake\Http\Middleware\BodyParserMiddleware::process() /var/www/html/ck_product2/vendor/cakephp/cakephp/src/Http/Middleware/BodyParserMiddleware.php, line 157
Cake\Http\Runner::handle() /var/www/html/ck_product2/vendor/cakephp/cakephp/src/Http/Runner.php, line 73
Cake\Routing\Middleware\RoutingMiddleware::process() /var/www/html/ck_product2/vendor/cakephp/cakephp/src/Routing/Middleware/RoutingMiddleware.php, line 186
Cake\Http\Runner::handle() /var/www/html/ck_product2/vendor/cakephp/cakephp/src/Http/Runner.php, line 73
Cake\Routing\Middleware\AssetMiddleware::process() /var/www/html/ck_product2/vendor/cakephp/cakephp/src/Routing/Middleware/AssetMiddleware.php, line 68
Cake\Http\Runner::handle() /var/www/html/ck_product2/vendor/cakephp/cakephp/src/Http/Runner.php, line 73
Cake\Error\Middleware\ErrorHandlerMiddleware::process() /var/www/html/ck_product2/vendor/cakephp/cakephp/src/Error/Middleware/ErrorHandlerMiddleware.php, line 131
Cake\Http\Runner::handle() /var/www/html/ck_product2/vendor/cakephp/cakephp/src/Http/Runner.php, line 73
DebugKit\Middleware\DebugKitMiddleware::process() /var/www/html/ck_product2/vendor/cakephp/debug_kit/src/Middleware/DebugKitMiddleware.php, line 60
Cake\Http\Runner::handle() /var/www/html/ck_product2/vendor/cakephp/cakephp/src/Http/Runner.php, line 73
Cake\Http\Runner::run() /var/www/html/ck_product2/vendor/cakephp/cakephp/src/Http/Runner.php, line 58
Cake\Http\Server::run() /var/www/html/ck_product2/vendor/cakephp/cakephp/src/Http/Server.php, line 90
[main] /var/www/html/ck_product2/webroot/index.php, line 40

